<?xml version="1.0" encoding="UTF-8"?>
<!-- Generated by org.testng.reporters.JUnitReportReporter -->
<testsuite hostname="Usha" failures="0" tests="1" name="cart.DWS_Cart_02_Test" time="1.829" errors="0" timestamp="2023-10-31T20:38:21 IST" skipped="0">
  <testcase classname="cart.DWS_Cart_02_Test" name="Add_Book_ToCartAnd_VerifyInCart" time="1.829"/>
  <system-out/>
</testsuite> <!-- cart.DWS_Cart_02_Test -->
