<?xml version="1.0" encoding="UTF-8"?>
<!-- Generated by org.testng.reporters.JUnitReportReporter -->
<testsuite hostname="Usha" failures="0" tests="1" name="compareList.DWS_Compare_01_Test" time="64.688" errors="0" timestamp="2023-11-01T12:10:05 IST" skipped="0">
  <testcase classname="compareList.DWS_Compare_01_Test" name="add_To_Compare_List" time="64.688"/>
  <system-out/>
</testsuite> <!-- compareList.DWS_Compare_01_Test -->
