<?xml version="1.0" encoding="UTF-8"?>
<!-- Generated by org.testng.reporters.JUnitReportReporter -->
<testsuite hostname="Usha" failures="0" tests="1" name="home.DWS_Home_01_Test" time="2.288" errors="0" timestamp="2023-11-01T19:19:53 IST" skipped="0">
  <testcase classname="home.DWS_Home_01_Test" name="Capture_Error_Msg" time="2.288"/>
  <system-out/>
</testsuite> <!-- home.DWS_Home_01_Test -->
