<?xml version="1.0" encoding="UTF-8"?>
<!-- Generated by org.testng.reporters.JUnitReportReporter -->
<testsuite hostname="Usha" failures="0" tests="1" name="compareList.DWS_Compare_05_Test" time="7.936" errors="0" timestamp="2023-11-02T14:27:50 IST" skipped="0">
  <testcase classname="compareList.DWS_Compare_05_Test" name="add_To_Compare_List" time="7.936"/>
  <system-out/>
</testsuite> <!-- compareList.DWS_Compare_05_Test -->
