<?xml version="1.0" encoding="UTF-8"?>
<!-- Generated by org.testng.reporters.JUnitReportReporter -->
<testsuite hostname="Usha" failures="0" tests="1" name="compareList.DWS_Compare_06_Test" time="9.889" errors="0" timestamp="2023-11-02T14:28:39 IST" skipped="0">
  <testcase classname="compareList.DWS_Compare_06_Test" name="remove_Product_From_CompareList" time="9.889"/>
  <system-out/>
</testsuite> <!-- compareList.DWS_Compare_06_Test -->
