<?xml version="1.0" encoding="UTF-8"?>
<!-- Generated by org.testng.reporters.JUnitReportReporter -->
<testsuite hostname="Usha" failures="0" tests="1" name="register.DWS_Register_02_Test" time="2.058" errors="0" timestamp="2023-11-02T14:25:51 IST" skipped="0">
  <testcase classname="register.DWS_Register_02_Test" name="Register_to_the_application_with_valid_credentials" time="2.058"/>
  <system-out/>
</testsuite> <!-- register.DWS_Register_02_Test -->
