<?xml version="1.0" encoding="UTF-8"?>
<!-- Generated by org.testng.reporters.JUnitReportReporter -->
<testsuite hostname="Usha" failures="0" tests="1" name="register.DWS_Register_01_Test" time="1.915" errors="0" timestamp="2023-10-31T19:25:25 IST" skipped="0">
  <testcase classname="register.DWS_Register_01_Test" name="Register_to_the_application_with_valid_credentials" time="1.915"/>
  <system-out/>
</testsuite> <!-- register.DWS_Register_01_Test -->
