<?xml version="1.0" encoding="UTF-8"?>
<!-- Generated by org.testng.reporters.JUnitReportReporter -->
<testsuite hostname="Usha" failures="0" tests="1" name="cart.DWS_Cart_03_Test" time="0.843" errors="0" timestamp="2023-11-02T14:27:50 IST" skipped="0">
  <testcase classname="cart.DWS_Cart_03_Test" name="Add_FeaturedProduct_ToCartAnd_VerifyInCart" time="0.843"/>
  <system-out/>
</testsuite> <!-- cart.DWS_Cart_03_Test -->
