<?xml version="1.0" encoding="UTF-8"?>
<!-- Generated by org.testng.reporters.JUnitReportReporter -->
<testsuite hostname="Usha" failures="0" tests="1" name="wishList.HandlingDynamicEle" time="5.499" errors="0" timestamp="2023-11-08T21:20:07 IST" skipped="0">
  <testcase classname="wishList.HandlingDynamicEle" name="app" time="5.499"/>
  <system-out/>
</testsuite> <!-- wishList.HandlingDynamicEle -->
