<?xml version="1.0" encoding="UTF-8"?>
<!-- Generated by org.testng.reporters.JUnitReportReporter -->
<testsuite hostname="Usha" failures="0" tests="1" name="home.DWS_Home_08_Test" time="2.964" errors="0" timestamp="2023-11-02T14:27:50 IST" skipped="0">
  <testcase classname="home.DWS_Home_08_Test" name="Capture_Error_Msg" time="2.964"/>
  <system-out/>
</testsuite> <!-- home.DWS_Home_08_Test -->
