<?xml version="1.0" encoding="UTF-8"?>
<!-- Generated by org.testng.reporters.JUnitReportReporter -->
<testsuite hostname="Usha" failures="0" tests="1" name="wishList.DWS_WishList_02_Test" time="3.466" errors="0" timestamp="2023-11-02T12:11:36 IST" skipped="0">
  <testcase classname="wishList.DWS_WishList_02_Test" name="add_jewel_to_wishlist" time="3.466"/>
  <system-out/>
</testsuite> <!-- wishList.DWS_WishList_02_Test -->
