<?xml version="1.0" encoding="UTF-8"?>
<!-- Generated by org.testng.reporters.JUnitReportReporter -->
<testsuite hostname="Usha" failures="0" tests="2" name="frameworkWorkCheck.loginUsingMultipleData" time="4.825" errors="0" timestamp="2023-11-02T12:25:10 IST" skipped="0">
  <testcase classname="frameworkWorkCheck.loginUsingMultipleData" name="Login_to_application" time="3.065"/>
  <system-out/>
  <testcase classname="frameworkWorkCheck.loginUsingMultipleData" name="Login_to_application" time="1.760"/>
  <system-out/>
</testsuite> <!-- frameworkWorkCheck.loginUsingMultipleData -->
