<?xml version="1.0" encoding="UTF-8"?>
<!-- Generated by org.testng.reporters.JUnitReportReporter -->
<testsuite hostname="Usha" failures="0" tests="1" name="compareList.DWS_Price_07_Test" time="1.557" errors="0" timestamp="2023-11-02T14:28:39 IST" skipped="0">
  <testcase classname="compareList.DWS_Price_07_Test" name="filter_Check_Price" time="1.557"/>
  <system-out/>
</testsuite> <!-- compareList.DWS_Price_07_Test -->
