<?xml version="1.0" encoding="UTF-8"?>
<!-- Generated by org.testng.reporters.JUnitReportReporter -->
<testsuite hostname="Usha" failures="0" tests="1" name="compareList.DWS_Compare_02_Test" time="9.017" errors="0" timestamp="2023-11-02T11:44:15 IST" skipped="0">
  <testcase classname="compareList.DWS_Compare_02_Test" name="remove_Product_From_CompareList" time="9.017"/>
  <system-out/>
</testsuite> <!-- compareList.DWS_Compare_02_Test -->
