<?xml version="1.0" encoding="UTF-8"?>
<!-- Generated by org.testng.reporters.JUnitReportReporter -->
<testsuite hostname="Usha" failures="0" tests="1" name="cart.DWS_Cart_01_Test" time="1.322" errors="0" timestamp="2023-11-01T11:55:17 IST" skipped="0">
  <testcase classname="cart.DWS_Cart_01_Test" name="Add_FeaturedProduct_ToCartAnd_VerifyInCart" time="1.322"/>
  <system-out/>
</testsuite> <!-- cart.DWS_Cart_01_Test -->
