<?xml version="1.0" encoding="UTF-8"?>
<!-- Generated by org.testng.reporters.JUnitReportReporter -->
<testsuite hostname="Usha" failures="0" tests="3" name="frameworkWorkCheck.ExcelUtilityCheck" time="0.013" errors="0" timestamp="2023-10-27T14:02:07 IST" skipped="0">
  <testcase classname="frameworkWorkCheck.ExcelUtilityCheck" name="printData" time="0.002"/>
  <system-out/>
  <testcase classname="frameworkWorkCheck.ExcelUtilityCheck" name="printData" time="0.008"/>
  <system-out/>
  <testcase classname="frameworkWorkCheck.ExcelUtilityCheck" name="printData" time="0.003"/>
  <system-out/>
</testsuite> <!-- frameworkWorkCheck.ExcelUtilityCheck -->
