<?xml version="1.0" encoding="UTF-8"?>
<!-- Generated by org.testng.reporters.JUnitReportReporter -->
<testsuite hostname="Usha" failures="0" tests="1" name="compareList.DWS_Price_03_Test" time="2.450" errors="0" timestamp="2023-11-01T14:39:00 IST" skipped="0">
  <testcase classname="compareList.DWS_Price_03_Test" name="filter_Check_Price" time="2.450"/>
  <system-out/>
</testsuite> <!-- compareList.DWS_Price_03_Test -->
