<?xml version="1.0" encoding="UTF-8"?>
<!-- Generated by org.testng.reporters.JUnitReportReporter -->
<testsuite hostname="Usha" failures="0" tests="1" name="wishList.DWS_WishList_09_Test" time="2.920" errors="0" timestamp="2023-11-02T14:27:50 IST" skipped="0">
  <testcase classname="wishList.DWS_WishList_09_Test" name="add_jewel_to_wishlist" time="2.920"/>
  <system-out/>
</testsuite> <!-- wishList.DWS_WishList_09_Test -->
