<?xml version="1.0" encoding="UTF-8"?>
<!-- Generated by org.testng.reporters.JUnitReportReporter -->
<testsuite hostname="Usha" failures="0" tests="1" name="cart.DWS_Cart_04_Test" time="2.033" errors="0" timestamp="2023-11-02T14:27:50 IST" skipped="0">
  <testcase classname="cart.DWS_Cart_04_Test" name="Add_Book_ToCartAnd_VerifyInCart" time="2.033"/>
  <system-out/>
</testsuite> <!-- cart.DWS_Cart_04_Test -->
